2022-09-09T07:54:57+00:00 CRITICAL Uncaught TypeError: Unsupported operand types: string / string in C:\xampp\htdocs\wc_course\wp-content\themes\fancy-lab\template-home.php:91
Stack trace:
#0 C:\xampp\htdocs\wc_course\wp-includes\template-loader.php(106): include()
#1 C:\xampp\htdocs\wc_course\wp-blog-header.php(19): require_once('C:\\xampp\\htdocs...')
#2 C:\xampp\htdocs\wc_course\index.php(17): require('C:\\xampp\\htdocs...')
#3 {main}
  thrown in C:\xampp\htdocs\wc_course\wp-content\themes\fancy-lab\template-home.php on line 91

2022-09-09T07:55:02+00:00 CRITICAL Uncaught TypeError: Unsupported operand types: string / string in C:\xampp\htdocs\wc_course\wp-content\themes\fancy-lab\template-home.php:91
Stack trace:
#0 C:\xampp\htdocs\wc_course\wp-includes\template-loader.php(106): include()
#1 C:\xampp\htdocs\wc_course\wp-blog-header.php(19): require_once('C:\\xampp\\htdocs...')
#2 C:\xampp\htdocs\wc_course\index.php(17): require('C:\\xampp\\htdocs...')
#3 {main}
  thrown in C:\xampp\htdocs\wc_course\wp-content\themes\fancy-lab\template-home.php on line 91

2022-09-09T07:55:07+00:00 CRITICAL Uncaught TypeError: Unsupported operand types: string / string in C:\xampp\htdocs\wc_course\wp-content\themes\fancy-lab\template-home.php:91
Stack trace:
#0 C:\xampp\htdocs\wc_course\wp-includes\template-loader.php(106): include()
#1 C:\xampp\htdocs\wc_course\wp-blog-header.php(19): require_once('C:\\xampp\\htdocs...')
#2 C:\xampp\htdocs\wc_course\index.php(17): require('C:\\xampp\\htdocs...')
#3 {main}
  thrown in C:\xampp\htdocs\wc_course\wp-content\themes\fancy-lab\template-home.php on line 91

2022-09-09T07:55:12+00:00 CRITICAL Uncaught TypeError: Unsupported operand types: string / string in C:\xampp\htdocs\wc_course\wp-content\themes\fancy-lab\template-home.php:91
Stack trace:
#0 C:\xampp\htdocs\wc_course\wp-includes\template-loader.php(106): include()
#1 C:\xampp\htdocs\wc_course\wp-blog-header.php(19): require_once('C:\\xampp\\htdocs...')
#2 C:\xampp\htdocs\wc_course\index.php(17): require('C:\\xampp\\htdocs...')
#3 {main}
  thrown in C:\xampp\htdocs\wc_course\wp-content\themes\fancy-lab\template-home.php on line 91

2022-09-09T07:55:32+00:00 CRITICAL Uncaught TypeError: Unsupported operand types: string / string in C:\xampp\htdocs\wc_course\wp-content\themes\fancy-lab\template-home.php:91
Stack trace:
#0 C:\xampp\htdocs\wc_course\wp-includes\template-loader.php(106): include()
#1 C:\xampp\htdocs\wc_course\wp-blog-header.php(19): require_once('C:\\xampp\\htdocs...')
#2 C:\xampp\htdocs\wc_course\index.php(17): require('C:\\xampp\\htdocs...')
#3 {main}
  thrown in C:\xampp\htdocs\wc_course\wp-content\themes\fancy-lab\template-home.php on line 91

2022-09-09T07:55:37+00:00 CRITICAL Uncaught TypeError: Unsupported operand types: string / string in C:\xampp\htdocs\wc_course\wp-content\themes\fancy-lab\template-home.php:91
Stack trace:
#0 C:\xampp\htdocs\wc_course\wp-includes\template-loader.php(106): include()
#1 C:\xampp\htdocs\wc_course\wp-blog-header.php(19): require_once('C:\\xampp\\htdocs...')
#2 C:\xampp\htdocs\wc_course\index.php(17): require('C:\\xampp\\htdocs...')
#3 {main}
  thrown in C:\xampp\htdocs\wc_course\wp-content\themes\fancy-lab\template-home.php on line 91

2022-09-09T07:55:42+00:00 CRITICAL Uncaught TypeError: Unsupported operand types: string / string in C:\xampp\htdocs\wc_course\wp-content\themes\fancy-lab\template-home.php:91
Stack trace:
#0 C:\xampp\htdocs\wc_course\wp-includes\template-loader.php(106): include()
#1 C:\xampp\htdocs\wc_course\wp-blog-header.php(19): require_once('C:\\xampp\\htdocs...')
#2 C:\xampp\htdocs\wc_course\index.php(17): require('C:\\xampp\\htdocs...')
#3 {main}
  thrown in C:\xampp\htdocs\wc_course\wp-content\themes\fancy-lab\template-home.php on line 91

2022-09-09T07:55:46+00:00 CRITICAL Uncaught TypeError: Unsupported operand types: string / string in C:\xampp\htdocs\wc_course\wp-content\themes\fancy-lab\template-home.php:91
Stack trace:
#0 C:\xampp\htdocs\wc_course\wp-includes\template-loader.php(106): include()
#1 C:\xampp\htdocs\wc_course\wp-blog-header.php(19): require_once('C:\\xampp\\htdocs...')
#2 C:\xampp\htdocs\wc_course\index.php(17): require('C:\\xampp\\htdocs...')
#3 {main}
  thrown in C:\xampp\htdocs\wc_course\wp-content\themes\fancy-lab\template-home.php on line 91

2022-09-09T07:55:50+00:00 CRITICAL Uncaught TypeError: Unsupported operand types: string / string in C:\xampp\htdocs\wc_course\wp-content\themes\fancy-lab\template-home.php:91
Stack trace:
#0 C:\xampp\htdocs\wc_course\wp-includes\template-loader.php(106): include()
#1 C:\xampp\htdocs\wc_course\wp-blog-header.php(19): require_once('C:\\xampp\\htdocs...')
#2 C:\xampp\htdocs\wc_course\index.php(17): require('C:\\xampp\\htdocs...')
#3 {main}
  thrown in C:\xampp\htdocs\wc_course\wp-content\themes\fancy-lab\template-home.php on line 91

2022-09-09T07:56:08+00:00 CRITICAL Uncaught TypeError: Unsupported operand types: string / string in C:\xampp\htdocs\wc_course\wp-content\themes\fancy-lab\template-home.php:91
Stack trace:
#0 C:\xampp\htdocs\wc_course\wp-includes\template-loader.php(106): include()
#1 C:\xampp\htdocs\wc_course\wp-blog-header.php(19): require_once('C:\\xampp\\htdocs...')
#2 C:\xampp\htdocs\wc_course\index.php(17): require('C:\\xampp\\htdocs...')
#3 {main}
  thrown in C:\xampp\htdocs\wc_course\wp-content\themes\fancy-lab\template-home.php on line 91

2022-09-09T07:56:14+00:00 CRITICAL Uncaught TypeError: Unsupported operand types: string / string in C:\xampp\htdocs\wc_course\wp-content\themes\fancy-lab\template-home.php:91
Stack trace:
#0 C:\xampp\htdocs\wc_course\wp-includes\template-loader.php(106): include()
#1 C:\xampp\htdocs\wc_course\wp-blog-header.php(19): require_once('C:\\xampp\\htdocs...')
#2 C:\xampp\htdocs\wc_course\index.php(17): require('C:\\xampp\\htdocs...')
#3 {main}
  thrown in C:\xampp\htdocs\wc_course\wp-content\themes\fancy-lab\template-home.php on line 91

2022-09-09T07:59:47+00:00 CRITICAL Uncaught TypeError: Unsupported operand types: string / string in C:\xampp\htdocs\wc_course\wp-content\themes\fancy-lab\template-home.php:91
Stack trace:
#0 C:\xampp\htdocs\wc_course\wp-includes\template-loader.php(106): include()
#1 C:\xampp\htdocs\wc_course\wp-blog-header.php(19): require_once('C:\\xampp\\htdocs...')
#2 C:\xampp\htdocs\wc_course\index.php(17): require('C:\\xampp\\htdocs...')
#3 {main}
  thrown in C:\xampp\htdocs\wc_course\wp-content\themes\fancy-lab\template-home.php on line 91

2022-09-09T08:00:48+00:00 CRITICAL Uncaught TypeError: Unsupported operand types: string / string in C:\xampp\htdocs\wc_course\wp-content\themes\fancy-lab\template-home.php:91
Stack trace:
#0 C:\xampp\htdocs\wc_course\wp-includes\template-loader.php(106): include()
#1 C:\xampp\htdocs\wc_course\wp-blog-header.php(19): require_once('C:\\xampp\\htdocs...')
#2 C:\xampp\htdocs\wc_course\index.php(17): require('C:\\xampp\\htdocs...')
#3 {main}
  thrown in C:\xampp\htdocs\wc_course\wp-content\themes\fancy-lab\template-home.php on line 91

2022-09-09T08:06:35+00:00 CRITICAL Uncaught TypeError: Unsupported operand types: string / string in C:\xampp\htdocs\wc_course\wp-content\themes\fancy-lab\template-home.php:89
Stack trace:
#0 C:\xampp\htdocs\wc_course\wp-includes\template-loader.php(106): include()
#1 C:\xampp\htdocs\wc_course\wp-blog-header.php(19): require_once('C:\\xampp\\htdocs...')
#2 C:\xampp\htdocs\wc_course\index.php(17): require('C:\\xampp\\htdocs...')
#3 {main}
  thrown in C:\xampp\htdocs\wc_course\wp-content\themes\fancy-lab\template-home.php on line 89

2022-09-09T08:08:44+00:00 CRITICAL Uncaught TypeError: Unsupported operand types: string / string in C:\xampp\htdocs\wc_course\wp-content\themes\fancy-lab\template-home.php:94
Stack trace:
#0 C:\xampp\htdocs\wc_course\wp-includes\template-loader.php(106): include()
#1 C:\xampp\htdocs\wc_course\wp-blog-header.php(19): require_once('C:\\xampp\\htdocs...')
#2 C:\xampp\htdocs\wc_course\index.php(17): require('C:\\xampp\\htdocs...')
#3 {main}
  thrown in C:\xampp\htdocs\wc_course\wp-content\themes\fancy-lab\template-home.php on line 94

2022-09-09T08:09:02+00:00 CRITICAL Uncaught TypeError: Unsupported operand types: string / string in C:\xampp\htdocs\wc_course\wp-content\themes\fancy-lab\template-home.php:94
Stack trace:
#0 C:\xampp\htdocs\wc_course\wp-includes\template-loader.php(106): include()
#1 C:\xampp\htdocs\wc_course\wp-blog-header.php(19): require_once('C:\\xampp\\htdocs...')
#2 C:\xampp\htdocs\wc_course\index.php(17): require('C:\\xampp\\htdocs...')
#3 {main}
  thrown in C:\xampp\htdocs\wc_course\wp-content\themes\fancy-lab\template-home.php on line 94

2022-09-09T08:09:20+00:00 CRITICAL Uncaught TypeError: Unsupported operand types: string / string in C:\xampp\htdocs\wc_course\wp-content\themes\fancy-lab\template-home.php:94
Stack trace:
#0 C:\xampp\htdocs\wc_course\wp-includes\template-loader.php(106): include()
#1 C:\xampp\htdocs\wc_course\wp-blog-header.php(19): require_once('C:\\xampp\\htdocs...')
#2 C:\xampp\htdocs\wc_course\index.php(17): require('C:\\xampp\\htdocs...')
#3 {main}
  thrown in C:\xampp\htdocs\wc_course\wp-content\themes\fancy-lab\template-home.php on line 94

2022-09-09T08:09:27+00:00 CRITICAL Uncaught TypeError: Unsupported operand types: string / string in C:\xampp\htdocs\wc_course\wp-content\themes\fancy-lab\template-home.php:94
Stack trace:
#0 C:\xampp\htdocs\wc_course\wp-includes\template-loader.php(106): include()
#1 C:\xampp\htdocs\wc_course\wp-blog-header.php(19): require_once('C:\\xampp\\htdocs...')
#2 C:\xampp\htdocs\wc_course\index.php(17): require('C:\\xampp\\htdocs...')
#3 {main}
  thrown in C:\xampp\htdocs\wc_course\wp-content\themes\fancy-lab\template-home.php on line 94

2022-09-09T08:09:29+00:00 CRITICAL Uncaught TypeError: Unsupported operand types: string / string in C:\xampp\htdocs\wc_course\wp-content\themes\fancy-lab\template-home.php:94
Stack trace:
#0 C:\xampp\htdocs\wc_course\wp-includes\template-loader.php(106): include()
#1 C:\xampp\htdocs\wc_course\wp-blog-header.php(19): require_once('C:\\xampp\\htdocs...')
#2 C:\xampp\htdocs\wc_course\index.php(17): require('C:\\xampp\\htdocs...')
#3 {main}
  thrown in C:\xampp\htdocs\wc_course\wp-content\themes\fancy-lab\template-home.php on line 94

2022-09-09T08:09:31+00:00 CRITICAL Uncaught TypeError: Unsupported operand types: string / string in C:\xampp\htdocs\wc_course\wp-content\themes\fancy-lab\template-home.php:94
Stack trace:
#0 C:\xampp\htdocs\wc_course\wp-includes\template-loader.php(106): include()
#1 C:\xampp\htdocs\wc_course\wp-blog-header.php(19): require_once('C:\\xampp\\htdocs...')
#2 C:\xampp\htdocs\wc_course\index.php(17): require('C:\\xampp\\htdocs...')
#3 {main}
  thrown in C:\xampp\htdocs\wc_course\wp-content\themes\fancy-lab\template-home.php on line 94

2022-09-09T08:15:05+00:00 CRITICAL Uncaught TypeError: Unsupported operand types: string / string in C:\xampp\htdocs\wc_course\wp-content\themes\fancy-lab\template-home.php:94
Stack trace:
#0 C:\xampp\htdocs\wc_course\wp-includes\template-loader.php(106): include()
#1 C:\xampp\htdocs\wc_course\wp-blog-header.php(19): require_once('C:\\xampp\\htdocs...')
#2 C:\xampp\htdocs\wc_course\index.php(17): require('C:\\xampp\\htdocs...')
#3 {main}
  thrown in C:\xampp\htdocs\wc_course\wp-content\themes\fancy-lab\template-home.php on line 94

2022-09-09T08:15:07+00:00 CRITICAL Uncaught TypeError: Unsupported operand types: string / string in C:\xampp\htdocs\wc_course\wp-content\themes\fancy-lab\template-home.php:94
Stack trace:
#0 C:\xampp\htdocs\wc_course\wp-includes\template-loader.php(106): include()
#1 C:\xampp\htdocs\wc_course\wp-blog-header.php(19): require_once('C:\\xampp\\htdocs...')
#2 C:\xampp\htdocs\wc_course\index.php(17): require('C:\\xampp\\htdocs...')
#3 {main}
  thrown in C:\xampp\htdocs\wc_course\wp-content\themes\fancy-lab\template-home.php on line 94

2022-09-09T08:15:08+00:00 CRITICAL Uncaught TypeError: Unsupported operand types: string / string in C:\xampp\htdocs\wc_course\wp-content\themes\fancy-lab\template-home.php:94
Stack trace:
#0 C:\xampp\htdocs\wc_course\wp-includes\template-loader.php(106): include()
#1 C:\xampp\htdocs\wc_course\wp-blog-header.php(19): require_once('C:\\xampp\\htdocs...')
#2 C:\xampp\htdocs\wc_course\index.php(17): require('C:\\xampp\\htdocs...')
#3 {main}
  thrown in C:\xampp\htdocs\wc_course\wp-content\themes\fancy-lab\template-home.php on line 94

2022-09-09T08:15:10+00:00 CRITICAL Uncaught TypeError: Unsupported operand types: string / string in C:\xampp\htdocs\wc_course\wp-content\themes\fancy-lab\template-home.php:94
Stack trace:
#0 C:\xampp\htdocs\wc_course\wp-includes\template-loader.php(106): include()
#1 C:\xampp\htdocs\wc_course\wp-blog-header.php(19): require_once('C:\\xampp\\htdocs...')
#2 C:\xampp\htdocs\wc_course\index.php(17): require('C:\\xampp\\htdocs...')
#3 {main}
  thrown in C:\xampp\htdocs\wc_course\wp-content\themes\fancy-lab\template-home.php on line 94

2022-09-09T08:17:02+00:00 CRITICAL Uncaught TypeError: Unsupported operand types: string / string in C:\xampp\htdocs\wc_course\wp-content\themes\fancy-lab\template-home.php:94
Stack trace:
#0 C:\xampp\htdocs\wc_course\wp-includes\template-loader.php(106): include()
#1 C:\xampp\htdocs\wc_course\wp-blog-header.php(19): require_once('C:\\xampp\\htdocs...')
#2 C:\xampp\htdocs\wc_course\index.php(17): require('C:\\xampp\\htdocs...')
#3 {main}
  thrown in C:\xampp\htdocs\wc_course\wp-content\themes\fancy-lab\template-home.php on line 94

2022-09-09T08:18:10+00:00 CRITICAL Uncaught TypeError: Unsupported operand types: string / string in C:\xampp\htdocs\wc_course\wp-content\themes\fancy-lab\template-home.php:96
Stack trace:
#0 C:\xampp\htdocs\wc_course\wp-includes\template-loader.php(106): include()
#1 C:\xampp\htdocs\wc_course\wp-blog-header.php(19): require_once('C:\\xampp\\htdocs...')
#2 C:\xampp\htdocs\wc_course\index.php(17): require('C:\\xampp\\htdocs...')
#3 {main}
  thrown in C:\xampp\htdocs\wc_course\wp-content\themes\fancy-lab\template-home.php on line 96

2022-09-09T08:19:32+00:00 CRITICAL Uncaught TypeError: Unsupported operand types: string / string in C:\xampp\htdocs\wc_course\wp-content\themes\fancy-lab\template-home.php:98
Stack trace:
#0 C:\xampp\htdocs\wc_course\wp-includes\template-loader.php(106): include()
#1 C:\xampp\htdocs\wc_course\wp-blog-header.php(19): require_once('C:\\xampp\\htdocs...')
#2 C:\xampp\htdocs\wc_course\index.php(17): require('C:\\xampp\\htdocs...')
#3 {main}
  thrown in C:\xampp\htdocs\wc_course\wp-content\themes\fancy-lab\template-home.php on line 98

2022-09-09T08:20:49+00:00 CRITICAL Uncaught TypeError: Unsupported operand types: string / string in C:\xampp\htdocs\wc_course\wp-content\themes\fancy-lab\template-home.php:100
Stack trace:
#0 C:\xampp\htdocs\wc_course\wp-includes\template-loader.php(106): include()
#1 C:\xampp\htdocs\wc_course\wp-blog-header.php(19): require_once('C:\\xampp\\htdocs...')
#2 C:\xampp\htdocs\wc_course\index.php(17): require('C:\\xampp\\htdocs...')
#3 {main}
  thrown in C:\xampp\htdocs\wc_course\wp-content\themes\fancy-lab\template-home.php on line 100

2022-09-09T08:29:08+00:00 CRITICAL syntax error, unexpected token ";" in C:\xampp\htdocs\wc_course\wp-content\themes\fancy-lab\template-home.php on line 93

2022-09-09T08:29:19+00:00 CRITICAL syntax error, unexpected token ";" in C:\xampp\htdocs\wc_course\wp-content\themes\fancy-lab\template-home.php on line 93

2022-09-09T08:29:20+00:00 CRITICAL syntax error, unexpected token ";" in C:\xampp\htdocs\wc_course\wp-content\themes\fancy-lab\template-home.php on line 93

2022-09-09T08:29:35+00:00 CRITICAL syntax error, unexpected token ";" in C:\xampp\htdocs\wc_course\wp-content\themes\fancy-lab\template-home.php on line 93

